Change Component Comment : Designator=R25 Old Comment=1K 5% 0402(1005) New Comment=1K ±5% 0402(1005)
Change Component Comment : Designator=R17 Old Comment=1K2 5% 0402(1005) New Comment=1K2 ±5% 0402(1005)
Change Component Comment : Designator=R3 Old Comment=1R6 5% 0402(1005) New Comment=1R6 ±5% 0402(1005)
Change Component Comment : Designator=R4 Old Comment=1R6 5% 0402(1005) New Comment=2k4 ±5% 0402(1005)
Change Component Comment : Designator=R6 Old Comment=1R6 5% 0402(1005) New Comment=200R ±5% 0402(1005)
Change Component Comment : Designator=R5 Old Comment=1R6 5% 0402(1005) New Comment=430R ±5% 0402(1005)
Change Component Comment : Designator=R23 Old Comment=2K 5% 0603(1608) New Comment=2K ±5% 0603(1608)
Change Component Comment : Designator=R21 Old Comment=2M74 1% 0402(1005) New Comment=2M74 ±1% 0402(1005)
Change Component Comment : Designator=R20 Old Comment=2M74 1% 0402(1005) New Comment=10k ±1% 0402(1005)
Change Component Comment : Designator=R19 Old Comment=2M74 1% 0402(1005) New Comment=33k ±1% 0402(1005)
Change Component Comment : Designator=R1 Old Comment=2M74 1% 0402(1005) New Comment=510k ±1% 0402(1005)
Change Component Comment : Designator=R8 Old Comment=4K7 1% 0402(1005) New Comment=4K7 ±1% 0402(1005)
Change Component Comment : Designator=R9 Old Comment=4K7 1% 0402(1005) New Comment=4K7 ±1% 0402(1005)
Change Component Comment : Designator=R13 Old Comment=10K 1% 0402(1005) New Comment=10K ±1% 0402(1005)
Change Component Comment : Designator=R11 Old Comment=10K 5% 0402(1005) New Comment=10K ±5% 0402(1005)
Change Component Comment : Designator=R16 Old Comment=20K 5% 0402(1005) New Comment=3K3 5% 0402(1005)
Change Component Comment : Designator=R10 Old Comment=100K 5% 0402(1005) New Comment=100K ±5% 0402(1005)
Change Component Comment : Designator=R12 Old Comment=100R 5% 0402(1005) New Comment=100R ±5% 0402(1005)
Change Component Comment : Designator=R2 Old Comment=249K 1% 0402(1005) New Comment=249K ±1% 0402(1005)
Change Component Comment : Designator=R24 Old Comment=300K 5% 0402(1005) New Comment=300K ±5% 0402(1005)
Change Component Comment : Designator=U1 Old Comment=bq51051B New Comment=bq51050B
Change Component Comment : Designator=C38 Old Comment=CAP 10uF 10V 0603(1608) New Comment=CAP 1.0uF 10V 0603(1608)
Change Component Comment : Designator=C3 Old Comment=CAP 10uF 10V 0603(1608) New Comment=CAP 4.7uF 10V 0603(1608)
Change Component Comment : Designator=C37 Old Comment=CAP 10uF 10V 0603(1608) New Comment=CAP 4.7uF 10V 0603(1608)
Change Component Comment : Designator=C39 Old Comment=CAP 10uF 10V 0603(1608) New Comment=CAP 10uF 25V 0603(1608)
Change Component Comment : Designator=C40 Old Comment=CAP 10uF 10V 0603(1608) New Comment=CAP 10uF 25V 0603(1608)
Change Component Comment : Designator=C33 Old Comment=CAP 27pF 25V 0402(1005) New Comment=CAP 0.01uF 25V 0402(1005)
Change Component Comment : Designator=C32 Old Comment=CAP 27pF 25V 0402(1005) New Comment=CAP 0.22uF 25V 0402(1005)
Change Component Comment : Designator=C35 Old Comment=CAP 27pF 25V 0402(1005) New Comment=CAP 1200pF 25V 0402(1005)
Change Component Comment : Designator=C36 Old Comment=CAP 27pF 25V 0402(1005) New Comment=CAP 1200pF 25V 0402(1005)
Change Component Comment : Designator=C34 Old Comment=CAP 27pF 25V 0402(1005) New Comment=CAP 6800pF 25V 0402(1005)
Change Component Comment : Designator=C9 Old Comment=CAP 100nF 10V 0402(1005) New Comment=CAP 680pF 10V 0402(1005)
Change Component Comment : Designator=C55 Old Comment=CAP 220pF 6.3V 0402(1005) New Comment=CAP 10nF 6.3V 0402(1005)
Change Component Comment : Designator=C54 Old Comment=CAP 220pF 6.3V 0402(1005) New Comment=CAP 220nF 6.3V 0402(1005)
Change Component Comment : Designator=C23 Old Comment=CAP 220pF 6.3V 0402(1005) New Comment=CAP 1800pF 6.3V 0402(1005)
Change Component Comment : Designator=C5 Old Comment=CC0402KRX7R7BB104 New Comment=CAP 0.1uF 16V 0402 (1005)
Change Component Comment : Designator=C7 Old Comment=CC0402KRX7R7BB104 New Comment=CAP 0.01uF 25V 0402 (1005)
Change Component Comment : Designator=C11 Old Comment=CC0402KRX7R7BB104 New Comment=CAP 0.1uF 25V 0402 (1005)
Change Component Comment : Designator=C12 Old Comment=CC0402KRX7R7BB104 New Comment=CAP 0.01uF 25V 0402 (1005)
Change Component Comment : Designator=C4 Old Comment=CC0402KRX7R7BB104 New Comment=CAP 0.22uF 25V 0402(1005)
Change Component Comment : Designator=C15 Old Comment=CC0402KRX7R7BB104 New Comment=CAP 0.47uF 25V 0402 (1005)
Change Component Comment : Designator=C14 Old Comment=CC0402KRX7R7BB104 New Comment=CAP 0.47uF 25V X7R 0402 (1005)
Change Component Comment : Designator=C13 Old Comment=CC0402KRX7R7BB104 New Comment=CAP 22 nF 25V 0402 (1005
Change Component Description : Designator=R25 Old Description=1K 0.063W 5% 0402 (1005 Metric)  SMD New Description=1K 0.063W ±5% 0402 (1005 Metric)
Change Component Description : Designator=R17 Old Description=1K2 0.063W 5% 0402 (1005 Metric)  SMD New Description=1K2 0.063W ±5% 0402 (1005 Metric) 
Change Component Description : Designator=R18 Old Description=1K2 0.063W 5% 0402 (1005 Metric)  SMD New Description=1K2 0.063W ±5% 0402 (1005 Metric)  SMD
Change Component Description : Designator=R3 Old Description=1R6 0.063W 5% 0402 (1005 Metric)  SMD New Description=1R6 0.063W ±5% 0402 (1005 Metric)
Change Component Description : Designator=R4 Old Description=1R6 0.063W 5% 0402 (1005 Metric)  SMD New Description=2k4 0.063W ±5% 0402 (1005 Metric)
Change Component Description : Designator=R6 Old Description=1R6 0.063W 5% 0402 (1005 Metric)  SMD New Description=200R 0.063W ±5% 0402 (1005 Metric)
Change Component Description : Designator=R5 Old Description=1R6 0.063W 5% 0402 (1005 Metric)  SMD New Description=430R 0.063W ±5% 0402 (1005 Metric)
Change Component Description : Designator=R23 Old Description=2K 0.1W 5% 0603 (1608 Metric)  SMD New Description=2K 0.1W ±5% 0603 (1608 Metric)
Change Component Description : Designator=R21 Old Description=2M74 0.063W 1% 0402 (1005 Metric)  SMD New Description=2M74 0.063W ±1% 0402 (1005 Metric)
Change Component Description : Designator=R20 Old Description=2M74 0.063W 1% 0402 (1005 Metric)  SMD New Description=10k 0.063W ±1% 0402 (1005 Metric)
Change Component Description : Designator=R19 Old Description=2M74 0.063W 1% 0402 (1005 Metric)  SMD New Description=33k 0.063W ±1% 0402 (1005 Metric) 
Change Component Description : Designator=R1 Old Description=2M74 0.063W 1% 0402 (1005 Metric)  SMD New Description=510k 0.063W ±1% 0402 (1005 Metric)
Change Component Description : Designator=R8 Old Description=4K7 0.063W 1% 0402 (1005 Metric)  SMD New Description=4K7 0.063W ±1% 0402 (1005 Metric)
Change Component Description : Designator=R9 Old Description=4K7 0.063W 1% 0402 (1005 Metric)  SMD New Description=4K7 0.063W ±1% 0402 (1005 Metric)
Change Component Description : Designator=R13 Old Description=10K 0.063W 1% 0402 (1005 Metric)  SMD New Description=10K 0.063W ±1% 0402 (1005 Metric)
Change Component Description : Designator=R14 Old Description=10K 0.063W 1% 0402 (1005 Metric)  SMD New Description=10K 0.063W ±1% 0402 (1005 Metric) 
Change Component Description : Designator=R11 Old Description=10K 0.063W 5% 0402 (1005 Metric)  SMD New Description=10K 0.063W ±5% 0402 (1005 Metric)
Change Component Description : Designator=R16 Old Description=20K 0.063W 5% 0402 (1005 Metric)  SMD New Description=3K3 0.063W ±5% 0402 (1005 Metric)  SMD
Change Component Description : Designator=R15 Old Description=20K 0.063W 5% 0402 (1005 Metric)  SMD New Description=20K 0.063W ±5% 0402 (1005 Metric)
Change Component Description : Designator=R22 Old Description=20K 0.063W 5% 0402 (1005 Metric)  SMD New Description=20K 0.063W ±5% 0402 (1005 Metric)
Change Component Description : Designator=R10 Old Description=100K 0.063W 5% 0402 (1005 Metric)  SMD New Description=100K 0.063W ±5% 0402 (1005 Metric)
Change Component Description : Designator=R12 Old Description=100R 0.063W 5% 0402 (1005 Metric)  SMD New Description=100R 0.063W ±5% 0402 (1005 Metric)
Change Component Description : Designator=R2 Old Description=249K 0.063W 1% 0402 (1005 Metric)  SMD New Description=249K 0.063W ±1% 0402 (1005 Metric)
Change Component Description : Designator=R24 Old Description=300K 0.063W 5% 0402 (1005 Metric)  SMD New Description=300K 0.063W ±5% 0402 (1005 Metric)
Change Component Description : Designator=C22 Old Description=CAP 1uF 6.3V Â±10% 0402 (1005 Metric) Thickness 0.6mm SMD New Description=CAP 1uF 6.3V ±10% 0402 (1005 Metric)
Change Component Description : Designator=C31 Old Description=CAP 1uF 6.3V Â±10% 0402 (1005 Metric) Thickness 0.6mm SMD New Description=CAP 1uF 6.3V ±10% 0402 (1005 Metric)
Change Component Description : Designator=C18 Old Description=CAP 4.7uF 10V Â±10% 0603 (1608 Metric) Thickness 0.55mm SMD New Description=CAP 4.7uF 10V ±10% 0603 (1608 Metric)
Change Component Description : Designator=C38 Old Description=CAP 10uF 10V Â±10% 0603 (1608 Metric) Thickness 1mm SMD New Description=CAP 1.0uF 10V ±10% 0603 (1608 Metric)
Change Component Description : Designator=C3 Old Description=CAP 10uF 10V Â±10% 0603 (1608 Metric) Thickness 1mm SMD New Description=CAP 4.7uF 10V ±10% 0603 (1608 Metric)
Change Component Description : Designator=C37 Old Description=CAP 10uF 10V Â±10% 0603 (1608 Metric) Thickness 1mm SMD New Description=CAP 4.7uF 10V ±10% 0603 (1608 Metric)
Change Component Description : Designator=C1 Old Description=CAP 10uF 10V Â±10% 0603 (1608 Metric) Thickness 1mm SMD New Description=CAP 10uF 10V ±10% 0603 (1608 Metric)
Change Component Description : Designator=C25 Old Description=CAP 10uF 10V Â±10% 0603 (1608 Metric) Thickness 1mm SMD New Description=CAP 10uF 10V ±10% 0603 (1608 Metric)
Change Component Description : Designator=C41 Old Description=CAP 10uF 10V Â±10% 0603 (1608 Metric) Thickness 1mm SMD New Description=CAP 10uF 10V ±10% 0603 (1608 Metric)
Change Component Description : Designator=C39 Old Description=CAP 10uF 10V Â±10% 0603 (1608 Metric) Thickness 1mm SMD New Description=CAP 10uF 25V ±10% 0603 (1608 Metric)
Change Component Description : Designator=C40 Old Description=CAP 10uF 10V Â±10% 0603 (1608 Metric) Thickness 1mm SMD New Description=CAP 10uF 25V ±10% 0603 (1608 Metric)
Change Component Description : Designator=C16 Old Description=CAP 10uF 10V Â±10% 0805 (2012 Metric) Thickness 1.45mm SMD New Description=CAP 10uF 10V ±10% 0805 (2012 Metric)
Change Component Description : Designator=C17 Old Description=CAP 10uF 10V Â±10% 0805 (2012 Metric) Thickness 1.45mm SMD New Description=CAP 10uF 10V ±10% 0805 (2012 Metric)
Change Component Description : Designator=C33 Old Description=CAP 27pF 25V Â±10% 0402 (1005 Metric) Thickness 0.6mm SMD New Description=CAP 0.01uF 25V ±10% 0402 (1005 Metric)
Change Component Description : Designator=C32 Old Description=CAP 27pF 25V Â±10% 0402 (1005 Metric) Thickness 0.6mm SMD New Description=CAP 0.22uF 25V ±10% 0402 (1005 Metric)
Change Component Description : Designator=C35 Old Description=CAP 27pF 25V Â±10% 0402 (1005 Metric) Thickness 0.6mm SMD New Description=CAP 1200pF 25V ±10% 0402 (1005 Metric)
Change Component Description : Designator=C36 Old Description=CAP 27pF 25V Â±10% 0402 (1005 Metric) Thickness 0.6mm SMD New Description=CAP 1200pF 25V ±10% 0402 (1005 Metric)
Change Component Description : Designator=C34 Old Description=CAP 27pF 25V Â±10% 0402 (1005 Metric) Thickness 0.6mm SMD New Description=CAP 6800pF 25V ±10% 0402 (1005 Metric)
Change Component Description : Designator=C21 Old Description=CAP 100nF 6.3V Â±5% 0402 (1005 Metric) Thickness 0.6mm SMD New Description=CAP 100nF 6.3V ±5% 0402 (1005 Metric)
Change Component Description : Designator=C19 Old Description=CAP 100nF 10V Â±5% 0402 (1005 Metric) Thickness 0.6mm SMD New Description=CAP 100nF 10V ±5% 0402 (1005 Metric)
Change Component Description : Designator=C20 Old Description=CAP 100nF 10V Â±5% 0402 (1005 Metric) Thickness 0.6mm SMD New Description=CAP 100nF 10V ±5% 0402 (1005 Metric)
Change Component Description : Designator=C24 Old Description=CAP 100nF 10V Â±5% 0402 (1005 Metric) Thickness 0.6mm SMD New Description=CAP 100nF 10V ±5% 0402 (1005 Metric)
Change Component Description : Designator=C27 Old Description=CAP 100nF 10V Â±5% 0402 (1005 Metric) Thickness 0.6mm SMD New Description=CAP 100nF 10V ±5% 0402 (1005 Metric)
Change Component Description : Designator=C28 Old Description=CAP 100nF 10V Â±5% 0402 (1005 Metric) Thickness 0.6mm SMD New Description=CAP 100nF 10V ±5% 0402 (1005 Metric)
Change Component Description : Designator=C29 Old Description=CAP 100nF 10V Â±5% 0402 (1005 Metric) Thickness 0.6mm SMD New Description=CAP 100nF 10V ±5% 0402 (1005 Metric)
Change Component Description : Designator=C30 Old Description=CAP 100nF 10V Â±5% 0402 (1005 Metric) Thickness 0.6mm SMD New Description=CAP 100nF 10V ±5% 0402 (1005 Metric)
Change Component Description : Designator=C42 Old Description=CAP 100nF 10V Â±5% 0402 (1005 Metric) Thickness 0.6mm SMD New Description=CAP 100nF 10V ±5% 0402 (1005 Metric)
Change Component Description : Designator=C43 Old Description=CAP 100nF 10V Â±5% 0402 (1005 Metric) Thickness 0.6mm SMD New Description=CAP 100nF 10V ±5% 0402 (1005 Metric)
Change Component Description : Designator=C44 Old Description=CAP 100nF 10V Â±5% 0402 (1005 Metric) Thickness 0.6mm SMD New Description=CAP 100nF 10V ±5% 0402 (1005 Metric)
Change Component Description : Designator=C56 Old Description=CAP 100nF 10V Â±5% 0402 (1005 Metric) Thickness 0.6mm SMD New Description=CAP 100nF 10V ±5% 0402 (1005 Metric)
Change Component Description : Designator=C57 Old Description=CAP 100nF 10V Â±5% 0402 (1005 Metric) Thickness 0.6mm SMD New Description=CAP 100nF 10V ±5% 0402 (1005 Metric)
Change Component Description : Designator=C9 Old Description=CAP 100nF 10V Â±5% 0402 (1005 Metric) Thickness 0.6mm SMD New Description=CAP 680pF 10V ±5% 0402 (1005 Metric)
Change Component Description : Designator=C55 Old Description=CAP 220pF 6.3V Â±10% 0402 (1005 Metric) Thickness 0.6mm SMD New Description=CAP 10nF 6.3V ±10% 0402 (1005 Metric)
Change Component Description : Designator=C54 Old Description=CAP 220pF 6.3V Â±10% 0402 (1005 Metric) Thickness 0.6mm SMD New Description=CAP 220nF 6.3V ±10% 0402 (1005 Metric)
Change Component Description : Designator=C23 Old Description=CAP 220pF 6.3V Â±10% 0402 (1005 Metric) Thickness 0.6mm SMD New Description=CAP 1800pF 6.3V ±10% 0402 (1005 Metric)
Change Component Description : Designator=C12 Old Description=Capacitor, Yageo, Ceramic, 0.1uF 10% 16V 0402 (1005) X7R New Description=CAP 0.01uF 10V ±10% 0402 (1005 Metric)
Change Component Description : Designator=C5 Old Description=Capacitor, Yageo, Ceramic, 0.1uF 10% 16V 0402 (1005) X7R New Description=CAP 0.1uF 16V ±10% 0402 (1005 Metric)
Change Component Description : Designator=C7 Old Description=Capacitor, Yageo, Ceramic, 0.1uF 10% 16V 0402 (1005) X7R New Description=CAP 0.01uF 25V ±10% 0402 (1005 Metric)
Change Component Description : Designator=C11 Old Description=Capacitor, Yageo, Ceramic, 0.1uF 10% 16V 0402 (1005) X7R New Description=CAP 0.1uF 25V ±10% 0402 (1005 Metric)
Change Component Description : Designator=C4 Old Description=Capacitor, Yageo, Ceramic, 0.1uF 10% 16V 0402 (1005) X7R New Description=CAP 0.22uF 25V ±10% 0402 (1005 Metric)
Change Component Description : Designator=C15 Old Description=Capacitor, Yageo, Ceramic, 0.1uF 10% 16V 0402 (1005) X7R New Description=CAP 0.47uF 25V ±10% 0402 (1005 Metric)
Change Component Description : Designator=C14 Old Description=Capacitor, Yageo, Ceramic, 0.1uF 10% 16V 0402 (1005) X7R New Description=CAP 0.47 uF 25V ±10% X7R 0402 (1005 Metric)
Change Component Description : Designator=C13 Old Description=Capacitor, Yageo, Ceramic, 0.1uF 10% 16V 0402 (1005) X7R New Description=CAP 22 nF 25V ±10% 0402 (1005 Metric)
Change Component Description : Designator=C47 Old Description=Chip Cap 0402 NP0 +/-0.1pF New Description=CAP 1.8pF *V ±0.1pF NP0 0402 (1005 Metric)
Change Component Description : Designator=C2 Old Description=Chip Cap 0402 NP0 New Description=CAP 15pF *V ±5% NP0 0805 (2012 Metric)
Change Component Description : Designator=C45 Old Description=Chip Cap 0402 NP0 New Description=CAP 15pF *V ±5% NP0 0805 (2012 Metric)
Change Component Description : Designator=C53 Old Description=Chip Cap 0402 NP0 New Description=CAP 15pF *V ±5% NP0 0805 (2012 Metric)
Change Component Description : Designator=C59 Old Description=Chip Cap 0402 NP0 New Description=CAP 15pF *V ±5% NP0 0805 (2012 Metric)
Change Component Description : Designator=C6 Old Description=Chip Cap 0402 NP0 5% New Description=CAP 1.2pF *V ±5% NP0 0402 (1005 Metric)
Change Component Description : Designator=C48 Old Description=Chip Cap 0402 NP0 5% New Description=CAP 1.5pF *V ±5% NP0 0402 (1005 Metric)
Change Component Description : Designator=C8 Old Description=Chip Cap 0402 X7R 10% New Description=CAP 1.0nF *V ±10% X7R 0603 (1608 Metric)
Change Component Description : Designator=C52 Old Description=Chip Cap 0402 X7R 10% New Description=CAP 2.2nF *V ±10% X7R 0402 (1005 Metric)
Change Component Description : Designator=C51 Old Description=Chip Cap 0402 X7R New Description=CAP 33nF 10V ±10% X7R 0805 (2012 Metric)
Change Component Description : Designator=C50 Old Description=Chip Cap 0402 X7R New Description=CAP 100nF 10V ±10% X7R 0805 (2012 Metric)
Change Component Description : Designator=C10 Old Description=Chip Cap 0402 X7R New Description=CAP 100nF *V ±10% X7R 0805 (2012 Metric)
Change Component Description : Designator=C58 Old Description=Chip Cap 0402 X7R New Description=CAP 100nF *V ±10% X7R 0805 (2012 Metric)
Change Component Description : Designator=L3 Old Description=Chip Ind 0402 New Description=IND 3.9nH 0402 (1005 Metric)
Change Component Description : Designator=L2 Old Description=Chip Ind 0402 New Description=IND 5.6nH 0402 (1005 Metric)
Change Component Description : Designator=L7 Old Description=Chip Ind 0402 New Description=IND 8.2nH 0402 (1005 Metric)
Change Component Description : Designator=L5 Old Description=Chip Ind 0402 New Description=IND 15nH 0603 (1608 Metric)
Change Component Description : Designator=L6 Old Description=Chip Ind 0603 New Description=IND 10uH 0603 (1608 Metric)
Change Component Description : Designator=R26 Old Description=Chip Res 0402 1% New Description=22K *W 1% 0805 (2012 Metric)
Change Component Description : Designator=C46 Old Description=X7R, 10V New Description=CAP 1.0uF 10V ±10% X7R 0805 (2012 Metric)
Change Component Description : Designator=C49 Old Description=X7R, 10V New Description=CAP 10uF 10V ±10% X7R 0805 (2012 Metric)
Change Component Kind : Designator=P4 Old Kind=Standard New Kind=Standard (No BOM)
Change Component Kind : Designator=P3 Old Kind=Standard New Kind=Standard (No BOM)
Change Component Kind : Designator=P1 Old Kind=Standard New Kind=Standard (No BOM)
Change Component Kind : Designator=JMP1 Old Kind=Standard New Kind=Standard (No BOM)
Change Component Kind : Designator=J1 Old Kind=Standard New Kind=Standard (No BOM)
Change Component Kind : Designator=ANT1 Old Kind=Standard New Kind=Standard (No BOM)
