Removed Pin From Net: NetName=NetLED6_C1 Pin=LED30-C1
Removed Pin From Net: NetName=NetLED6_C2 Pin=LED30-C2
Removed Pin From Net: NetName=NetLED6_C3 Pin=LED30-C3
Removed Pin From Net: NetName=NetLED7_C1 Pin=LED31-C1
Removed Pin From Net: NetName=NetLED7_C2 Pin=LED31-C2
Removed Pin From Net: NetName=NetLED7_C3 Pin=LED31-C3
Removed Pin From Net: NetName=NetLED8_C1 Pin=LED32-C1
Removed Pin From Net: NetName=NetLED8_C2 Pin=LED32-C2
Removed Pin From Net: NetName=NetLED8_C3 Pin=LED32-C3
Removed Pin From Net: NetName=NetLED9_C1 Pin=LED33-C1
Removed Pin From Net: NetName=NetLED9_C2 Pin=LED33-C2
Removed Pin From Net: NetName=NetLED9_C3 Pin=LED33-C3
Removed Pin From Net: NetName=NetLED10_C1 Pin=LED34-C1
Removed Pin From Net: NetName=NetLED10_C2 Pin=LED34-C2
Removed Pin From Net: NetName=NetLED10_C3 Pin=LED34-C3
Removed Pin From Net: NetName=NetLED11_C1 Pin=LED35-C1
Removed Pin From Net: NetName=NetLED11_C2 Pin=LED35-C2
Removed Pin From Net: NetName=NetLED11_C3 Pin=LED35-C3
Removed Pin From Net: NetName=NetLED12_C1 Pin=LED36-C1
Removed Pin From Net: NetName=NetLED12_C2 Pin=LED36-C2
Removed Pin From Net: NetName=NetLED12_C3 Pin=LED36-C3
Removed Pin From Net: NetName=NetLED13_C1 Pin=LED37-C1
Removed Pin From Net: NetName=NetLED13_C2 Pin=LED37-C2
Removed Pin From Net: NetName=NetLED13_C3 Pin=LED37-C3
Removed Pin From Net: NetName=NetLED14_C1 Pin=LED38-C1
Removed Pin From Net: NetName=NetLED14_C2 Pin=LED38-C2
Removed Pin From Net: NetName=NetLED14_C3 Pin=LED38-C3
Removed Pin From Net: NetName=NetLED15_C1 Pin=LED39-C1
Removed Pin From Net: NetName=NetLED15_C2 Pin=LED39-C2
Removed Pin From Net: NetName=NetLED15_C3 Pin=LED39-C3
Removed Pin From Net: NetName=NetLED16_C1 Pin=LED40-C1
Removed Pin From Net: NetName=NetLED16_C2 Pin=LED40-C2
Removed Pin From Net: NetName=NetLED16_C3 Pin=LED40-C3
Removed Pin From Net: NetName=NetLED17_C1 Pin=LED41-C1
Removed Pin From Net: NetName=NetLED17_C2 Pin=LED41-C2
Removed Pin From Net: NetName=NetLED17_C3 Pin=LED41-C3
Removed Pin From Net: NetName=NetLED18_C1 Pin=LED42-C1
Removed Pin From Net: NetName=NetLED18_C2 Pin=LED42-C2
Removed Pin From Net: NetName=NetLED18_C3 Pin=LED42-C3
Removed Pin From Net: NetName=NetLED19_C1 Pin=LED43-C1
Removed Pin From Net: NetName=NetLED19_C2 Pin=LED43-C2
Removed Pin From Net: NetName=NetLED19_C3 Pin=LED43-C3
Removed Pin From Net: NetName=NetLED20_C1 Pin=LED44-C1
Removed Pin From Net: NetName=NetLED20_C2 Pin=LED44-C2
Removed Pin From Net: NetName=NetLED20_C3 Pin=LED44-C3
Removed Pin From Net: NetName=NetLED21_C1 Pin=LED45-C1
Removed Pin From Net: NetName=NetLED21_C2 Pin=LED45-C2
Removed Pin From Net: NetName=NetLED21_C3 Pin=LED45-C3
Removed Pin From Net: NetName=NetLED22_C1 Pin=LED46-C1
Removed Pin From Net: NetName=NetLED22_C2 Pin=LED46-C2
Removed Pin From Net: NetName=NetLED22_C3 Pin=LED46-C3
Removed Pin From Net: NetName=NetLED23_C1 Pin=LED47-C1
Removed Pin From Net: NetName=NetLED23_C2 Pin=LED47-C2
Removed Pin From Net: NetName=NetLED23_C3 Pin=LED47-C3
Removed Pin From Net: NetName=NetLED24_C1 Pin=LED48-C1
Removed Pin From Net: NetName=NetLED24_C2 Pin=LED48-C2
Removed Pin From Net: NetName=NetLED24_C3 Pin=LED48-C3
Removed Pin From Net: NetName=NetLED25_C1 Pin=LED49-C1
Removed Pin From Net: NetName=NetLED25_C2 Pin=LED49-C2
Removed Pin From Net: NetName=NetLED25_C3 Pin=LED49-C3
Removed Pin From Net: NetName=NetLED26_C1 Pin=LED50-C1
Removed Pin From Net: NetName=NetLED26_C2 Pin=LED50-C2
Removed Pin From Net: NetName=NetLED26_C3 Pin=LED50-C3
Removed Pin From Net: NetName=NetLED27_C1 Pin=LED51-C1
Removed Pin From Net: NetName=NetLED27_C2 Pin=LED51-C2
Removed Pin From Net: NetName=NetLED27_C3 Pin=LED51-C3
Removed Pin From Net: NetName=NetLED28_C1 Pin=LED52-C1
Removed Pin From Net: NetName=NetLED28_C2 Pin=LED52-C2
Removed Pin From Net: NetName=NetLED28_C3 Pin=LED52-C3
Removed Pin From Net: NetName=NetLED29_C1 Pin=LED53-C1
Removed Pin From Net: NetName=NetLED29_C2 Pin=LED53-C2
Removed Pin From Net: NetName=NetLED29_C3 Pin=LED53-C3
Removed Pin From Net: NetName=NetLED6_C3 Pin=U1-1
Removed Pin From Net: NetName=NetLED7_C1 Pin=U1-2
Removed Pin From Net: NetName=NetLED7_C2 Pin=U1-3
Removed Pin From Net: NetName=NetLED7_C3 Pin=U1-5
Removed Pin From Net: NetName=NetLED8_C1 Pin=U1-6
Removed Pin From Net: NetName=NetLED8_C2 Pin=U1-7
Removed Pin From Net: NetName=NetLED8_C3 Pin=U1-8
Removed Pin From Net: NetName=NetLED9_C1 Pin=U1-9
Removed Pin From Net: NetName=NetLED9_C3 Pin=U1-11
Removed Pin From Net: NetName=NetLED10_C1 Pin=U1-12
Removed Pin From Net: NetName=NetLED10_C2 Pin=U1-13
Removed Pin From Net: NetName=NetLED10_C3 Pin=U1-14
Removed Pin From Net: NetName=NetLED11_C1 Pin=U1-15
Removed Pin From Net: NetName=NetLED11_C2 Pin=U1-16
Removed Pin From Net: NetName=NetLED11_C3 Pin=U1-17
Removed Pin From Net: NetName=NetLED12_C1 Pin=U1-20
Removed Pin From Net: NetName=NetLED12_C2 Pin=U1-21
Removed Pin From Net: NetName=NetLED12_C3 Pin=U1-22
Removed Pin From Net: NetName=NetLED13_C1 Pin=U1-23
Removed Pin From Net: NetName=NetLED13_C2 Pin=U1-24
Removed Pin From Net: NetName=NetLED13_C3 Pin=U1-25
Removed Pin From Net: NetName=NetLED14_C1 Pin=U1-26
Removed Pin From Net: NetName=NetLED14_C2 Pin=U1-27
Removed Pin From Net: NetName=NetLED14_C3 Pin=U1-28
Removed Pin From Net: NetName=NetLED15_C1 Pin=U1-29
Removed Pin From Net: NetName=NetLED15_C2 Pin=U1-30
Removed Pin From Net: NetName=NetLED15_C3 Pin=U1-31
Removed Pin From Net: NetName=NetLED16_C1 Pin=U1-32
Removed Pin From Net: NetName=NetLED16_C2 Pin=U1-34
Removed Pin From Net: NetName=NetLED16_C3 Pin=U1-35
Removed Pin From Net: NetName=NetLED17_C1 Pin=U1-36
Removed Pin From Net: NetName=NetLED17_C2 Pin=U1-37
Removed Pin From Net: NetName=NetLED17_C3 Pin=U1-38
Removed Pin From Net: NetName=NetLED6_C1 Pin=U1-47
Removed Pin From Net: NetName=NetLED6_C2 Pin=U1-48
Removed Pin From Net: NetName=NetLED18_C3 Pin=U2-1
Removed Pin From Net: NetName=NetLED19_C1 Pin=U2-2
Removed Pin From Net: NetName=NetLED19_C2 Pin=U2-3
Removed Pin From Net: NetName=NetLED19_C3 Pin=U2-5
Removed Pin From Net: NetName=NetLED20_C1 Pin=U2-6
Removed Pin From Net: NetName=NetLED20_C2 Pin=U2-7
Removed Pin From Net: NetName=NetLED20_C3 Pin=U2-8
Removed Pin From Net: NetName=NetLED21_C1 Pin=U2-9
Removed Pin From Net: NetName=NetLED21_C3 Pin=U2-11
Removed Pin From Net: NetName=NetLED22_C1 Pin=U2-12
Removed Pin From Net: NetName=NetLED22_C2 Pin=U2-13
Removed Pin From Net: NetName=NetLED22_C3 Pin=U2-14
Removed Pin From Net: NetName=NetLED23_C1 Pin=U2-15
Removed Pin From Net: NetName=NetLED23_C2 Pin=U2-16
Removed Pin From Net: NetName=NetLED23_C3 Pin=U2-17
Removed Pin From Net: NetName=NetLED24_C1 Pin=U2-20
Removed Pin From Net: NetName=NetLED24_C2 Pin=U2-21
Removed Pin From Net: NetName=NetLED24_C3 Pin=U2-22
Removed Pin From Net: NetName=NetLED25_C1 Pin=U2-23
Removed Pin From Net: NetName=NetLED25_C2 Pin=U2-24
Removed Pin From Net: NetName=NetLED25_C3 Pin=U2-25
Removed Pin From Net: NetName=NetLED26_C1 Pin=U2-26
Removed Pin From Net: NetName=NetLED26_C2 Pin=U2-27
Removed Pin From Net: NetName=NetLED26_C3 Pin=U2-28
Removed Pin From Net: NetName=NetLED27_C1 Pin=U2-29
Removed Pin From Net: NetName=NetLED27_C2 Pin=U2-30
Removed Pin From Net: NetName=NetLED27_C3 Pin=U2-31
Removed Pin From Net: NetName=NetLED28_C1 Pin=U2-32
Removed Pin From Net: NetName=NetLED28_C2 Pin=U2-34
Removed Pin From Net: NetName=NetLED28_C3 Pin=U2-35
Removed Pin From Net: NetName=NetLED29_C1 Pin=U2-36
Removed Pin From Net: NetName=NetLED29_C2 Pin=U2-37
Removed Pin From Net: NetName=NetLED29_C3 Pin=U2-38
Removed Pin From Net: NetName=NetLED18_C1 Pin=U2-47
Removed Pin From Net: NetName=NetLED18_C2 Pin=U2-48
Change Component Footprint: Designator=P3 Old Footprint=SMTC-MTLW-102-05-X-S-172 New Footprint=SMTC-MTLW-102-05-X-S-172
Change Component Footprint: Designator=P1 Old Footprint=SMTC-MTLW-104-07-X-S-125 New Footprint=SMTC-MTLW-104-07-X-S-125
Change Component Footprint: Designator=P2 Old Footprint=SMTC-MTLW-104-07-X-S-125 New Footprint=SMTC-MTLW-104-07-X-S-125
Added Pin To Net: NetName=NetLED7_C1 Pin=LED30-C1
Added Pin To Net: NetName=NetLED7_C2 Pin=LED30-C2
Added Pin To Net: NetName=NetLED7_C3 Pin=LED30-C3
Added Pin To Net: NetName=NetLED8_C1 Pin=LED31-C1
Added Pin To Net: NetName=NetLED8_C2 Pin=LED31-C2
Added Pin To Net: NetName=NetLED8_C3 Pin=LED31-C3
Added Pin To Net: NetName=NetLED9_C1 Pin=LED32-C1
Added Pin To Net: NetName=NetLED9_C2 Pin=LED32-C2
Added Pin To Net: NetName=NetLED9_C3 Pin=LED32-C3
Added Pin To Net: NetName=NetLED10_C1 Pin=LED33-C1
Added Pin To Net: NetName=NetLED10_C2 Pin=LED33-C2
Added Pin To Net: NetName=NetLED10_C3 Pin=LED33-C3
Added Pin To Net: NetName=NetLED11_C1 Pin=LED34-C1
Added Pin To Net: NetName=NetLED11_C2 Pin=LED34-C2
Added Pin To Net: NetName=NetLED11_C3 Pin=LED34-C3
Added Pin To Net: NetName=NetLED12_C1 Pin=LED35-C1
Added Pin To Net: NetName=NetLED12_C2 Pin=LED35-C2
Added Pin To Net: NetName=NetLED12_C3 Pin=LED35-C3
Added Pin To Net: NetName=NetLED13_C1 Pin=LED36-C1
Added Pin To Net: NetName=NetLED13_C2 Pin=LED36-C2
Added Pin To Net: NetName=NetLED13_C3 Pin=LED36-C3
Added Pin To Net: NetName=NetLED14_C1 Pin=LED37-C1
Added Pin To Net: NetName=NetLED14_C2 Pin=LED37-C2
Added Pin To Net: NetName=NetLED14_C3 Pin=LED37-C3
Added Pin To Net: NetName=NetLED15_C1 Pin=LED38-C1
Added Pin To Net: NetName=NetLED15_C2 Pin=LED38-C2
Added Pin To Net: NetName=NetLED15_C3 Pin=LED38-C3
Added Pin To Net: NetName=NetLED16_C1 Pin=LED39-C1
Added Pin To Net: NetName=NetLED16_C2 Pin=LED39-C2
Added Pin To Net: NetName=NetLED16_C3 Pin=LED39-C3
Added Pin To Net: NetName=NetLED17_C1 Pin=LED40-C1
Added Pin To Net: NetName=NetLED17_C2 Pin=LED40-C2
Added Pin To Net: NetName=NetLED17_C3 Pin=LED40-C3
Added Pin To Net: NetName=NetLED18_C1 Pin=LED41-C1
Added Pin To Net: NetName=NetLED18_C2 Pin=LED41-C2
Added Pin To Net: NetName=NetLED18_C3 Pin=LED41-C3
Added Pin To Net: NetName=NetLED19_C1 Pin=LED42-C1
Added Pin To Net: NetName=NetLED19_C2 Pin=LED42-C2
Added Pin To Net: NetName=NetLED19_C3 Pin=LED42-C3
Added Pin To Net: NetName=NetLED20_C1 Pin=LED43-C1
Added Pin To Net: NetName=NetLED20_C2 Pin=LED43-C2
Added Pin To Net: NetName=NetLED20_C3 Pin=LED43-C3
Added Pin To Net: NetName=NetLED21_C1 Pin=LED44-C1
Added Pin To Net: NetName=NetLED21_C2 Pin=LED44-C2
Added Pin To Net: NetName=NetLED21_C3 Pin=LED44-C3
Added Pin To Net: NetName=NetLED22_C1 Pin=LED45-C1
Added Pin To Net: NetName=NetLED22_C2 Pin=LED45-C2
Added Pin To Net: NetName=NetLED22_C3 Pin=LED45-C3
Added Pin To Net: NetName=NetLED23_C1 Pin=LED46-C1
Added Pin To Net: NetName=NetLED23_C2 Pin=LED46-C2
Added Pin To Net: NetName=NetLED23_C3 Pin=LED46-C3
Added Pin To Net: NetName=NetLED24_C1 Pin=LED47-C1
Added Pin To Net: NetName=NetLED24_C2 Pin=LED47-C2
Added Pin To Net: NetName=NetLED24_C3 Pin=LED47-C3
Added Pin To Net: NetName=NetLED25_C1 Pin=LED48-C1
Added Pin To Net: NetName=NetLED25_C2 Pin=LED48-C2
Added Pin To Net: NetName=NetLED25_C3 Pin=LED48-C3
Added Pin To Net: NetName=NetLED26_C1 Pin=LED49-C1
Added Pin To Net: NetName=NetLED26_C2 Pin=LED49-C2
Added Pin To Net: NetName=NetLED26_C3 Pin=LED49-C3
Added Pin To Net: NetName=NetLED27_C1 Pin=LED50-C1
Added Pin To Net: NetName=NetLED27_C2 Pin=LED50-C2
Added Pin To Net: NetName=NetLED27_C3 Pin=LED50-C3
Added Pin To Net: NetName=NetLED28_C1 Pin=LED51-C1
Added Pin To Net: NetName=NetLED28_C2 Pin=LED51-C2
Added Pin To Net: NetName=NetLED28_C3 Pin=LED51-C3
Added Pin To Net: NetName=NetLED29_C1 Pin=LED52-C1
Added Pin To Net: NetName=NetLED29_C2 Pin=LED52-C2
Added Pin To Net: NetName=NetLED29_C3 Pin=LED52-C3
Added Pin To Net: NetName=NetLED6_C1 Pin=LED53-C1
Added Pin To Net: NetName=NetLED6_C2 Pin=LED53-C2
Added Pin To Net: NetName=NetLED6_C3 Pin=LED53-C3
Added Pin To Net: NetName=NetLED12_C1 Pin=U1-1
Added Pin To Net: NetName=NetLED11_C3 Pin=U1-2
Added Pin To Net: NetName=NetLED11_C2 Pin=U1-3
Added Pin To Net: NetName=NetLED11_C1 Pin=U1-5
Added Pin To Net: NetName=NetLED10_C3 Pin=U1-6
Added Pin To Net: NetName=NetLED10_C2 Pin=U1-7
Added Pin To Net: NetName=NetLED10_C1 Pin=U1-8
Added Pin To Net: NetName=NetLED9_C3 Pin=U1-9
Added Pin To Net: NetName=NetLED9_C1 Pin=U1-11
Added Pin To Net: NetName=NetLED8_C3 Pin=U1-12
Added Pin To Net: NetName=NetLED8_C2 Pin=U1-13
Added Pin To Net: NetName=NetLED8_C1 Pin=U1-14
Added Pin To Net: NetName=NetLED7_C3 Pin=U1-15
Added Pin To Net: NetName=NetLED7_C2 Pin=U1-16
Added Pin To Net: NetName=NetLED7_C1 Pin=U1-17
Added Pin To Net: NetName=NetLED6_C3 Pin=U1-20
Added Pin To Net: NetName=NetLED6_C2 Pin=U1-21
Added Pin To Net: NetName=NetLED6_C1 Pin=U1-22
Added Pin To Net: NetName=NetLED29_C3 Pin=U1-23
Added Pin To Net: NetName=NetLED29_C2 Pin=U1-24
Added Pin To Net: NetName=NetLED29_C1 Pin=U1-25
Added Pin To Net: NetName=NetLED28_C3 Pin=U1-26
Added Pin To Net: NetName=NetLED28_C2 Pin=U1-27
Added Pin To Net: NetName=NetLED28_C1 Pin=U1-28
Added Pin To Net: NetName=NetLED27_C3 Pin=U1-29
Added Pin To Net: NetName=NetLED27_C2 Pin=U1-30
Added Pin To Net: NetName=NetLED27_C1 Pin=U1-31
Added Pin To Net: NetName=NetLED26_C3 Pin=U1-32
Added Pin To Net: NetName=NetLED26_C2 Pin=U1-34
Added Pin To Net: NetName=NetLED26_C1 Pin=U1-35
Added Pin To Net: NetName=NetLED25_C3 Pin=U1-36
Added Pin To Net: NetName=NetLED25_C2 Pin=U1-37
Added Pin To Net: NetName=NetLED25_C1 Pin=U1-38
Added Pin To Net: NetName=NetLED12_C3 Pin=U1-47
Added Pin To Net: NetName=NetLED12_C2 Pin=U1-48
Added Pin To Net: NetName=NetLED24_C1 Pin=U2-1
Added Pin To Net: NetName=NetLED23_C3 Pin=U2-2
Added Pin To Net: NetName=NetLED23_C2 Pin=U2-3
Added Pin To Net: NetName=NetLED23_C1 Pin=U2-5
Added Pin To Net: NetName=NetLED22_C3 Pin=U2-6
Added Pin To Net: NetName=NetLED22_C2 Pin=U2-7
Added Pin To Net: NetName=NetLED22_C1 Pin=U2-8
Added Pin To Net: NetName=NetLED21_C3 Pin=U2-9
Added Pin To Net: NetName=NetLED21_C1 Pin=U2-11
Added Pin To Net: NetName=NetLED20_C3 Pin=U2-12
Added Pin To Net: NetName=NetLED20_C2 Pin=U2-13
Added Pin To Net: NetName=NetLED20_C1 Pin=U2-14
Added Pin To Net: NetName=NetLED19_C3 Pin=U2-15
Added Pin To Net: NetName=NetLED19_C2 Pin=U2-16
Added Pin To Net: NetName=NetLED19_C1 Pin=U2-17
Added Pin To Net: NetName=NetLED18_C3 Pin=U2-20
Added Pin To Net: NetName=NetLED18_C2 Pin=U2-21
Added Pin To Net: NetName=NetLED18_C1 Pin=U2-22
Added Pin To Net: NetName=NetLED17_C3 Pin=U2-23
Added Pin To Net: NetName=NetLED17_C2 Pin=U2-24
Added Pin To Net: NetName=NetLED17_C1 Pin=U2-25
Added Pin To Net: NetName=NetLED16_C3 Pin=U2-26
Added Pin To Net: NetName=NetLED16_C2 Pin=U2-27
Added Pin To Net: NetName=NetLED16_C1 Pin=U2-28
Added Pin To Net: NetName=NetLED15_C3 Pin=U2-29
Added Pin To Net: NetName=NetLED15_C2 Pin=U2-30
Added Pin To Net: NetName=NetLED15_C1 Pin=U2-31
Added Pin To Net: NetName=NetLED14_C3 Pin=U2-32
Added Pin To Net: NetName=NetLED14_C2 Pin=U2-34
Added Pin To Net: NetName=NetLED14_C1 Pin=U2-35
Added Pin To Net: NetName=NetLED13_C3 Pin=U2-36
Added Pin To Net: NetName=NetLED13_C2 Pin=U2-37
Added Pin To Net: NetName=NetLED13_C1 Pin=U2-38
Added Pin To Net: NetName=NetLED24_C3 Pin=U2-47
Added Pin To Net: NetName=NetLED24_C2 Pin=U2-48
