Removed Pin From Net: NetName=GND Pin=C2-1
Removed Pin From Net: NetName=GND Pin=C6-2
Removed Pin From Net: NetName=GND Pin=C8-2
Removed Pin From Net: NetName=GND Pin=C10-1
Removed Pin From Net: NetName=GND Pin=C18-1
Removed Pin From Net: NetName=+3.3 Pin=C18-2
Removed Pin From Net: NetName=GND Pin=C19-1
Removed Pin From Net: NetName=+3.3 Pin=C19-2
Removed Pin From Net: NetName=GND Pin=C20-1
Removed Pin From Net: NetName=GND Pin=C45-1
Removed Pin From Net: NetName=GND Pin=C46-1
Removed Pin From Net: NetName=GND Pin=C48-2
Removed Pin From Net: NetName=GND Pin=C49-1
Removed Pin From Net: NetName=+3.3 Pin=C49-2
Removed Pin From Net: NetName=GND Pin=C50-1
Removed Pin From Net: NetName=GND Pin=C51-1
Removed Pin From Net: NetName=GND Pin=C52-1
Removed Pin From Net: NetName=GND Pin=C53-1
Removed Pin From Net: NetName=GND Pin=C58-1
Removed Pin From Net: NetName=+3.3 Pin=C58-2
Removed Pin From Net: NetName=GND Pin=C59-1
Removed Pin From Net: NetName=+3.3 Pin=FB1-1
Removed Pin From Net: NetName=GND Pin=P4-1
Removed Pin From Net: NetName=GND Pin=P4-2
Removed Pin From Net: NetName=+3.3 Pin=P4-3
Removed Pin From Net: NetName=VBAT Pin=R10-2
Removed Pin From Net: NetName=+3.3 Pin=R11-2
Removed Pin From Net: NetName=GND Pin=R24-1
Removed Pin From Net: NetName=+3.3 Pin=R25-2
Removed Pin From Net: NetName=GND Pin=R26-2
Removed Pin From Net: NetName=INT_XL Pin=U4-1
Removed Pin From Net: NetName=DRDY Pin=U4-2
Removed Pin From Net: NetName=GND Pin=U4-3
Removed Pin From Net: NetName=+3.3 Pin=U4-4
Removed Pin From Net: NetName=GND Pin=U4-5
Removed Pin From Net: NetName=+3.3 Pin=U4-6
Removed Pin From Net: NetName=NetR16_2 Pin=U4-9
Removed Pin From Net: NetName=FRONTLED Pin=U4-10
Removed Pin From Net: NetName=HALO Pin=U4-11
Removed Pin From Net: NetName=INT_MAG Pin=U4-12
Removed Pin From Net: NetName=+3.3 Pin=U4-18
Removed Pin From Net: NetName=GND Pin=U4-19
Removed Pin From Net: NetName=GND Pin=U4-21
Removed Pin From Net: NetName=GND Pin=U4-22
Removed Pin From Net: NetName=NetR18_1 Pin=U4-23
Removed Pin From Net: NetName=NetU1_7 Pin=U4-24
Removed Pin From Net: NetName=QTOUCH Pin=U4-26
Removed Pin From Net: NetName=SDA Pin=U4-27
Removed Pin From Net: NetName=SCL Pin=U4-28
Removed Pin From Net: NetName=+3.3 Pin=U8-1
Removed Pin From Net: NetName=GND Pin=U8-8
Removed Pin From Net: NetName=+3.3 Pin=U8-9
Removed Pin From Net: NetName=GND Pin=U8-17
Removed Pin From Net: NetName=GND Pin=U8-18
Removed Pin From Net: NetName=GND Pin=U8-23
Removed Pin From Net: NetName=GND Pin=U8-30
Removed Pin From Net: NetName=GND Pin=U8-31
Removed Pin From Net: NetName=GND Pin=U8-33
Removed Pin From Net: NetName=GND Pin=X1-2
Removed Pin From Net: NetName=GND Pin=X1-4
Removed Pin From Net: NetName=GND Pin=X3-2
Removed Member From Class: ClassName=BLE Member=ANT1
Removed Member From Class: ClassName=BLE Member=C2
Removed Member From Class: ClassName=BLE Member=C6
Removed Member From Class: ClassName=BLE Member=C8
Removed Member From Class: ClassName=BLE Member=C10
Removed Member From Class: ClassName=MCU Member=C18
Removed Member From Class: ClassName=MCU Member=C19
Removed Member From Class: ClassName=MCU Member=C20
Removed Member From Class: ClassName=MCU Member=C21
Removed Member From Class: ClassName=BLE Member=C45
Removed Member From Class: ClassName=BLE Member=C46
Removed Member From Class: ClassName=BLE Member=C47
Removed Member From Class: ClassName=BLE Member=C48
Removed Member From Class: ClassName=BLE Member=C49
Removed Member From Class: ClassName=BLE Member=C50
Removed Member From Class: ClassName=BLE Member=C51
Removed Member From Class: ClassName=BLE Member=C52
Removed Member From Class: ClassName=BLE Member=C53
Removed Member From Class: ClassName=BLE Member=C58
Removed Member From Class: ClassName=BLE Member=C59
Removed Member From Class: ClassName=BLE Member=FB1
Removed Member From Class: ClassName=BLE Member=L2
Removed Member From Class: ClassName=BLE Member=L3
Removed Member From Class: ClassName=BLE Member=L5
Removed Member From Class: ClassName=BLE Member=L6
Removed Member From Class: ClassName=BLE Member=L7
Removed Member From Class: ClassName=MCU Member=P3
Removed Member From Class: ClassName=MCU Member=P4
Removed Member From Class: ClassName=MCU Member=Q1
Removed Member From Class: ClassName=MCU Member=R10
Removed Member From Class: ClassName=MCU Member=R11
Removed Member From Class: ClassName=MCU Member=R13
Removed Member From Class: ClassName=MCU Member=R14
Removed Member From Class: ClassName=MCU Member=R24
Removed Member From Class: ClassName=MCU Member=R25
Removed Member From Class: ClassName=BLE Member=R26
Removed Member From Class: ClassName=MCU Member=U4
Removed Member From Class: ClassName=BLE Member=U8
Removed Member From Class: ClassName=BLE Member=X1
Removed Member From Class: ClassName=BLE Member=X2
Removed Member From Class: ClassName=MCU Member=X3
Change Class Name : Old Net Name=MCU New Net Name=SENSORS
Added Member To Class: ClassName=BLE Member=Component P3 TSW-103-07-F-S
Added Member To Class: ClassName=BLE Member=Component Q1 BSS138AKAR
Added Member To Class: ClassName=BLE Member=Component R13 10K 1% 0402(1005)
Added Member To Class: ClassName=BLE Member=Component R14 10K 1% 0402(1005)
