Change Component DesignItemId : Designator=Q1 Old DesignItemId=CMP-1177-00008-1 New DesignItemId=PBSS4160DS,115
Change Component DesignItemId : Designator=Q2 Old DesignItemId=CMP-1177-00008-1 New DesignItemId=PBSS4160DS,115
Change Component Comment : Designator=R9 Old Comment=? kOhm New Comment=8.2 kOhm
Change Component Comment : Designator=R10 Old Comment=? kOhm New Comment=8.2 kOhm
Change Component Comment : Designator=R4 Old Comment=? kOhm New Comment=8.2 Ohm
Change Component Comment : Designator=R6 Old Comment=? kOhm New Comment=8.2 Ohm
Change Component Comment : Designator=R7 Old Comment=? kOhm New Comment=8.2 Ohm
Change Component Comment : Designator=R8 Old Comment=? Ohm New Comment=8.2 kOhm
Change Component Comment : Designator=Q1 Old Comment=BC846U New Comment=PBSS4160DS,115
Change Component Comment : Designator=Q2 Old Comment=BC846U New Comment=PBSS4160DS,115
Change Component Description : Designator=R8 Old Description=4K7 0.1W 5% 0603 (1608 Metric)  SMD New Description=8K2 0.1W 5% 0603 (1608 Metric)  SMD
Change Component Description : Designator=R9 Old Description=4K7 0.1W 5% 0603 (1608 Metric)  SMD New Description=8K2 0.1W 5% 0603 (1608 Metric)  SMD
Change Component Description : Designator=R10 Old Description=4K7 0.1W 5% 0603 (1608 Metric)  SMD New Description=8K2 0.1W 5% 0603 (1608 Metric)  SMD
Change Component Description : Designator=R4 Old Description=4K7 0.1W 5% 0603 (1608 Metric)  SMD New Description=8R2 0.1W 5% 0603 (1608 Metric)  SMD
Change Component Description : Designator=R6 Old Description=4K7 0.1W 5% 0603 (1608 Metric)  SMD New Description=8R2 0.1W 5% 0603 (1608 Metric)  SMD
Change Component Description : Designator=R7 Old Description=4K7 0.1W 5% 0603 (1608 Metric)  SMD New Description=8R2 0.1W 5% 0603 (1608 Metric)  SMD
Change Component Description : Designator=Q1 Old Description=NPN Silicon AF Transistor Array, 65 V VCEO, 100 mA IC, SC74, Reel, Green New Description=TRANS 2NPN 60V 1A 6TSOP
Change Component Description : Designator=Q2 Old Description=NPN Silicon AF Transistor Array, 65 V VCEO, 100 mA IC, SC74, Reel, Green New Description=TRANS 2NPN 60V 1A 6TSOP
Change Component Library : Designator=Q1 Old Library=Altium Content Vault New Library=SmartHalo.IntLib
Change Component Library : Designator=Q2 Old Library=Altium Content Vault New Library=SmartHalo.IntLib
